{"/media/agasha/NITTAH/GitHub/microverse/football-leagues/src/modules/leagues.js": {"path":"/media/agasha/NITTAH/GitHub/microverse/football-leagues/src/modules/leagues.js","statementMap":{"0":{"start":{"line":3,"column":19},"end":{"line":3,"column":73}},"1":{"start":{"line":5,"column":23},"end":{"line":14,"column":1}},"2":{"start":{"line":6,"column":19},"end":{"line":10,"column":6}},"3":{"start":{"line":12,"column":18},"end":{"line":12,"column":85}},"4":{"start":{"line":12,"column":55},"end":{"line":12,"column":64}},"5":{"start":{"line":12,"column":81},"end":{"line":12,"column":84}},"6":{"start":{"line":13,"column":2},"end":{"line":13,"column":17}},"7":{"start":{"line":16,"column":23},"end":{"line":25,"column":1}},"8":{"start":{"line":17,"column":19},"end":{"line":21,"column":6}},"9":{"start":{"line":23,"column":18},"end":{"line":23,"column":85}},"10":{"start":{"line":23,"column":55},"end":{"line":23,"column":64}},"11":{"start":{"line":23,"column":81},"end":{"line":23,"column":84}},"12":{"start":{"line":24,"column":2},"end":{"line":24,"column":17}},"13":{"start":{"line":27,"column":25},"end":{"line":36,"column":1}},"14":{"start":{"line":28,"column":19},"end":{"line":32,"column":6}},"15":{"start":{"line":34,"column":18},"end":{"line":34,"column":85}},"16":{"start":{"line":34,"column":55},"end":{"line":34,"column":64}},"17":{"start":{"line":34,"column":81},"end":{"line":34,"column":84}},"18":{"start":{"line":35,"column":2},"end":{"line":35,"column":17}},"19":{"start":{"line":38,"column":30},"end":{"line":139,"column":1}},"20":{"start":{"line":39,"column":16},"end":{"line":39,"column":48}},"21":{"start":{"line":40,"column":12},"end":{"line":40,"column":14}},"22":{"start":{"line":41,"column":2},"end":{"line":138,"column":3}},"23":{"start":{"line":42,"column":4},"end":{"line":42,"column":49}},"24":{"start":{"line":44,"column":4},"end":{"line":60,"column":7}},"25":{"start":{"line":45,"column":17},"end":{"line":45,"column":43}},"26":{"start":{"line":46,"column":6},"end":{"line":58,"column":11}},"27":{"start":{"line":59,"column":6},"end":{"line":59,"column":38}},"28":{"start":{"line":61,"column":4},"end":{"line":61,"column":52}},"29":{"start":{"line":63,"column":18},"end":{"line":63,"column":50}},"30":{"start":{"line":64,"column":4},"end":{"line":125,"column":7}},"31":{"start":{"line":65,"column":6},"end":{"line":124,"column":9}},"32":{"start":{"line":66,"column":8},"end":{"line":66,"column":27}},"33":{"start":{"line":67,"column":8},"end":{"line":67,"column":73}},"34":{"start":{"line":68,"column":8},"end":{"line":68,"column":37}},"35":{"start":{"line":69,"column":21},"end":{"line":69,"column":32}},"36":{"start":{"line":70,"column":23},"end":{"line":70,"column":45}},"37":{"start":{"line":71,"column":25},"end":{"line":71,"column":49}},"38":{"start":{"line":72,"column":20},"end":{"line":101,"column":13}},"39":{"start":{"line":102,"column":8},"end":{"line":102,"column":30}},"40":{"start":{"line":103,"column":8},"end":{"line":106,"column":11}},"41":{"start":{"line":104,"column":10},"end":{"line":104,"column":78}},"42":{"start":{"line":105,"column":10},"end":{"line":105,"column":39}},"43":{"start":{"line":108,"column":25},"end":{"line":108,"column":60}},"44":{"start":{"line":109,"column":24},"end":{"line":109,"column":59}},"45":{"start":{"line":110,"column":8},"end":{"line":123,"column":11}},"46":{"start":{"line":111,"column":10},"end":{"line":122,"column":13}},"47":{"start":{"line":112,"column":12},"end":{"line":112,"column":31}},"48":{"start":{"line":113,"column":28},"end":{"line":117,"column":13}},"49":{"start":{"line":118,"column":12},"end":{"line":118,"column":46}},"50":{"start":{"line":119,"column":12},"end":{"line":119,"column":51}},"51":{"start":{"line":120,"column":12},"end":{"line":120,"column":32}},"52":{"start":{"line":121,"column":12},"end":{"line":121,"column":31}},"53":{"start":{"line":127,"column":4},"end":{"line":137,"column":7}},"54":{"start":{"line":128,"column":6},"end":{"line":136,"column":9}},"55":{"start":{"line":129,"column":21},"end":{"line":129,"column":32}},"56":{"start":{"line":130,"column":8},"end":{"line":130,"column":27}},"57":{"start":{"line":131,"column":21},"end":{"line":133,"column":9}},"58":{"start":{"line":134,"column":8},"end":{"line":134,"column":36}},"59":{"start":{"line":135,"column":8},"end":{"line":135,"column":42}}},"fnMap":{"0":{"name":"(anonymous_0)","decl":{"start":{"line":5,"column":23},"end":{"line":5,"column":24}},"loc":{"start":{"line":5,"column":35},"end":{"line":14,"column":1}},"line":5},"1":{"name":"(anonymous_1)","decl":{"start":{"line":12,"column":45},"end":{"line":12,"column":46}},"loc":{"start":{"line":12,"column":55},"end":{"line":12,"column":64}},"line":12},"2":{"name":"(anonymous_2)","decl":{"start":{"line":12,"column":72},"end":{"line":12,"column":73}},"loc":{"start":{"line":12,"column":81},"end":{"line":12,"column":84}},"line":12},"3":{"name":"(anonymous_3)","decl":{"start":{"line":16,"column":23},"end":{"line":16,"column":24}},"loc":{"start":{"line":16,"column":37},"end":{"line":25,"column":1}},"line":16},"4":{"name":"(anonymous_4)","decl":{"start":{"line":23,"column":45},"end":{"line":23,"column":46}},"loc":{"start":{"line":23,"column":55},"end":{"line":23,"column":64}},"line":23},"5":{"name":"(anonymous_5)","decl":{"start":{"line":23,"column":72},"end":{"line":23,"column":73}},"loc":{"start":{"line":23,"column":81},"end":{"line":23,"column":84}},"line":23},"6":{"name":"(anonymous_6)","decl":{"start":{"line":27,"column":25},"end":{"line":27,"column":26}},"loc":{"start":{"line":27,"column":39},"end":{"line":36,"column":1}},"line":27},"7":{"name":"(anonymous_7)","decl":{"start":{"line":34,"column":45},"end":{"line":34,"column":46}},"loc":{"start":{"line":34,"column":55},"end":{"line":34,"column":64}},"line":34},"8":{"name":"(anonymous_8)","decl":{"start":{"line":34,"column":72},"end":{"line":34,"column":73}},"loc":{"start":{"line":34,"column":81},"end":{"line":34,"column":84}},"line":34},"9":{"name":"(anonymous_9)","decl":{"start":{"line":38,"column":30},"end":{"line":38,"column":31}},"loc":{"start":{"line":38,"column":40},"end":{"line":139,"column":1}},"line":38},"10":{"name":"(anonymous_10)","decl":{"start":{"line":44,"column":17},"end":{"line":44,"column":18}},"loc":{"start":{"line":44,"column":29},"end":{"line":60,"column":5}},"line":44},"11":{"name":"(anonymous_11)","decl":{"start":{"line":64,"column":54},"end":{"line":64,"column":55}},"loc":{"start":{"line":64,"column":73},"end":{"line":125,"column":5}},"line":64},"12":{"name":"(anonymous_12)","decl":{"start":{"line":65,"column":39},"end":{"line":65,"column":40}},"loc":{"start":{"line":65,"column":52},"end":{"line":124,"column":7}},"line":65},"13":{"name":"(anonymous_13)","decl":{"start":{"line":103,"column":67},"end":{"line":103,"column":68}},"loc":{"start":{"line":103,"column":73},"end":{"line":106,"column":9}},"line":103},"14":{"name":"(anonymous_14)","decl":{"start":{"line":110,"column":61},"end":{"line":110,"column":62}},"loc":{"start":{"line":110,"column":73},"end":{"line":123,"column":9}},"line":110},"15":{"name":"(anonymous_15)","decl":{"start":{"line":111,"column":43},"end":{"line":111,"column":44}},"loc":{"start":{"line":111,"column":56},"end":{"line":122,"column":11}},"line":111},"16":{"name":"(anonymous_16)","decl":{"start":{"line":127,"column":51},"end":{"line":127,"column":52}},"loc":{"start":{"line":127,"column":70},"end":{"line":137,"column":5}},"line":127},"17":{"name":"(anonymous_17)","decl":{"start":{"line":128,"column":39},"end":{"line":128,"column":40}},"loc":{"start":{"line":128,"column":52},"end":{"line":136,"column":7}},"line":128}},"branchMap":{"0":{"loc":{"start":{"line":41,"column":2},"end":{"line":138,"column":3}},"type":"if","locations":[{"start":{"line":41,"column":2},"end":{"line":138,"column":3}},{"start":{"line":43,"column":9},"end":{"line":138,"column":3}}],"line":41}},"s":{"0":1,"1":1,"2":0,"3":0,"4":0,"5":0,"6":0,"7":1,"8":0,"9":0,"10":0,"11":0,"12":0,"13":1,"14":0,"15":0,"16":0,"17":0,"18":0,"19":1,"20":0,"21":0,"22":0,"23":0,"24":0,"25":0,"26":0,"27":0,"28":0,"29":0,"30":0,"31":0,"32":0,"33":0,"34":0,"35":0,"36":0,"37":0,"38":0,"39":0,"40":0,"41":0,"42":0,"43":0,"44":0,"45":0,"46":0,"47":0,"48":0,"49":0,"50":0,"51":0,"52":0,"53":0,"54":0,"55":0,"56":0,"57":0,"58":0,"59":0},"f":{"0":0,"1":0,"2":0,"3":0,"4":0,"5":0,"6":0,"7":0,"8":0,"9":0,"10":0,"11":0,"12":0,"13":0,"14":0,"15":0,"16":0,"17":0},"b":{"0":[0,0]},"_coverageSchema":"1a1c01bbd47fc00a2c39e90264f33305004495a9","hash":"941e5f671ee10285bfc8a0e3f432e1aa6823b00f"}
,"/media/agasha/NITTAH/GitHub/microverse/football-leagues/src/modules/user-interactions.js": {"path":"/media/agasha/NITTAH/GitHub/microverse/football-leagues/src/modules/user-interactions.js","statementMap":{"0":{"start":{"line":1,"column":31},"end":{"line":1,"column":99}},"1":{"start":{"line":3,"column":21},"end":{"line":20,"column":1}},"2":{"start":{"line":4,"column":19},"end":{"line":11,"column":6}},"3":{"start":{"line":12,"column":13},"end":{"line":12,"column":34}},"4":{"start":{"line":13,"column":14},"end":{"line":13,"column":46}},"5":{"start":{"line":14,"column":2},"end":{"line":18,"column":3}},"6":{"start":{"line":15,"column":4},"end":{"line":15,"column":41}},"7":{"start":{"line":16,"column":19},"end":{"line":16,"column":51}},"8":{"start":{"line":17,"column":4},"end":{"line":17,"column":18}},"9":{"start":{"line":19,"column":2},"end":{"line":19,"column":13}},"10":{"start":{"line":22,"column":27},"end":{"line":34,"column":1}},"11":{"start":{"line":23,"column":19},"end":{"line":30,"column":6}},"12":{"start":{"line":32,"column":15},"end":{"line":32,"column":77}},"13":{"start":{"line":32,"column":52},"end":{"line":32,"column":56}},"14":{"start":{"line":32,"column":73},"end":{"line":32,"column":76}},"15":{"start":{"line":33,"column":2},"end":{"line":33,"column":14}},"16":{"start":{"line":36,"column":29},"end":{"line":46,"column":1}},"17":{"start":{"line":37,"column":19},"end":{"line":43,"column":6}},"18":{"start":{"line":44,"column":19},"end":{"line":44,"column":81}},"19":{"start":{"line":44,"column":56},"end":{"line":44,"column":60}},"20":{"start":{"line":44,"column":77},"end":{"line":44,"column":80}},"21":{"start":{"line":45,"column":2},"end":{"line":45,"column":18}},"22":{"start":{"line":48,"column":31},"end":{"line":62,"column":1}},"23":{"start":{"line":49,"column":12},"end":{"line":49,"column":14}},"24":{"start":{"line":50,"column":2},"end":{"line":61,"column":3}},"25":{"start":{"line":51,"column":4},"end":{"line":51,"column":45}},"26":{"start":{"line":53,"column":4},"end":{"line":59,"column":7}},"27":{"start":{"line":54,"column":6},"end":{"line":58,"column":11}},"28":{"start":{"line":60,"column":4},"end":{"line":60,"column":56}},"29":{"start":{"line":64,"column":32},"end":{"line":74,"column":1}},"30":{"start":{"line":65,"column":14},"end":{"line":65,"column":46}},"31":{"start":{"line":66,"column":2},"end":{"line":73,"column":3}},"32":{"start":{"line":67,"column":4},"end":{"line":67,"column":30}},"33":{"start":{"line":68,"column":4},"end":{"line":68,"column":76}},"34":{"start":{"line":70,"column":4},"end":{"line":70,"column":48}},"35":{"start":{"line":71,"column":4},"end":{"line":71,"column":30}},"36":{"start":{"line":72,"column":4},"end":{"line":72,"column":76}},"37":{"start":{"line":76,"column":24},"end":{"line":88,"column":1}},"38":{"start":{"line":77,"column":19},"end":{"line":84,"column":6}},"39":{"start":{"line":86,"column":16},"end":{"line":86,"column":78}},"40":{"start":{"line":86,"column":53},"end":{"line":86,"column":57}},"41":{"start":{"line":86,"column":74},"end":{"line":86,"column":77}},"42":{"start":{"line":87,"column":2},"end":{"line":87,"column":15}},"43":{"start":{"line":90,"column":26},"end":{"line":100,"column":1}},"44":{"start":{"line":91,"column":19},"end":{"line":97,"column":6}},"45":{"start":{"line":98,"column":16},"end":{"line":98,"column":78}},"46":{"start":{"line":98,"column":53},"end":{"line":98,"column":57}},"47":{"start":{"line":98,"column":74},"end":{"line":98,"column":77}},"48":{"start":{"line":99,"column":2},"end":{"line":99,"column":15}},"49":{"start":{"line":102,"column":28},"end":{"line":120,"column":1}},"50":{"start":{"line":103,"column":16},"end":{"line":103,"column":39}},"51":{"start":{"line":104,"column":14},"end":{"line":104,"column":46}},"52":{"start":{"line":105,"column":2},"end":{"line":119,"column":3}},"53":{"start":{"line":106,"column":4},"end":{"line":106,"column":81}},"54":{"start":{"line":108,"column":4},"end":{"line":108,"column":42}},"55":{"start":{"line":109,"column":4},"end":{"line":118,"column":7}},"56":{"start":{"line":110,"column":20},"end":{"line":110,"column":30}},"57":{"start":{"line":111,"column":6},"end":{"line":117,"column":7}},"58":{"start":{"line":112,"column":8},"end":{"line":116,"column":9}},"59":{"start":{"line":113,"column":10},"end":{"line":113,"column":90}},"60":{"start":{"line":115,"column":10},"end":{"line":115,"column":91}}},"fnMap":{"0":{"name":"(anonymous_0)","decl":{"start":{"line":3,"column":21},"end":{"line":3,"column":22}},"loc":{"start":{"line":3,"column":33},"end":{"line":20,"column":1}},"line":3},"1":{"name":"(anonymous_1)","decl":{"start":{"line":22,"column":27},"end":{"line":22,"column":28}},"loc":{"start":{"line":22,"column":47},"end":{"line":34,"column":1}},"line":22},"2":{"name":"(anonymous_2)","decl":{"start":{"line":32,"column":42},"end":{"line":32,"column":43}},"loc":{"start":{"line":32,"column":52},"end":{"line":32,"column":56}},"line":32},"3":{"name":"(anonymous_3)","decl":{"start":{"line":32,"column":64},"end":{"line":32,"column":65}},"loc":{"start":{"line":32,"column":73},"end":{"line":32,"column":76}},"line":32},"4":{"name":"(anonymous_4)","decl":{"start":{"line":36,"column":29},"end":{"line":36,"column":30}},"loc":{"start":{"line":36,"column":51},"end":{"line":46,"column":1}},"line":36},"5":{"name":"(anonymous_5)","decl":{"start":{"line":44,"column":46},"end":{"line":44,"column":47}},"loc":{"start":{"line":44,"column":56},"end":{"line":44,"column":60}},"line":44},"6":{"name":"(anonymous_6)","decl":{"start":{"line":44,"column":68},"end":{"line":44,"column":69}},"loc":{"start":{"line":44,"column":77},"end":{"line":44,"column":80}},"line":44},"7":{"name":"(anonymous_7)","decl":{"start":{"line":48,"column":31},"end":{"line":48,"column":32}},"loc":{"start":{"line":48,"column":41},"end":{"line":62,"column":1}},"line":48},"8":{"name":"(anonymous_8)","decl":{"start":{"line":53,"column":17},"end":{"line":53,"column":18}},"loc":{"start":{"line":53,"column":27},"end":{"line":59,"column":5}},"line":53},"9":{"name":"(anonymous_9)","decl":{"start":{"line":64,"column":32},"end":{"line":64,"column":33}},"loc":{"start":{"line":64,"column":60},"end":{"line":74,"column":1}},"line":64},"10":{"name":"(anonymous_10)","decl":{"start":{"line":76,"column":24},"end":{"line":76,"column":25}},"loc":{"start":{"line":76,"column":44},"end":{"line":88,"column":1}},"line":76},"11":{"name":"(anonymous_11)","decl":{"start":{"line":86,"column":43},"end":{"line":86,"column":44}},"loc":{"start":{"line":86,"column":53},"end":{"line":86,"column":57}},"line":86},"12":{"name":"(anonymous_12)","decl":{"start":{"line":86,"column":65},"end":{"line":86,"column":66}},"loc":{"start":{"line":86,"column":74},"end":{"line":86,"column":77}},"line":86},"13":{"name":"(anonymous_13)","decl":{"start":{"line":90,"column":26},"end":{"line":90,"column":27}},"loc":{"start":{"line":90,"column":40},"end":{"line":100,"column":1}},"line":90},"14":{"name":"(anonymous_14)","decl":{"start":{"line":98,"column":43},"end":{"line":98,"column":44}},"loc":{"start":{"line":98,"column":53},"end":{"line":98,"column":57}},"line":98},"15":{"name":"(anonymous_15)","decl":{"start":{"line":98,"column":65},"end":{"line":98,"column":66}},"loc":{"start":{"line":98,"column":74},"end":{"line":98,"column":77}},"line":98},"16":{"name":"(anonymous_16)","decl":{"start":{"line":102,"column":28},"end":{"line":102,"column":29}},"loc":{"start":{"line":102,"column":53},"end":{"line":120,"column":1}},"line":102},"17":{"name":"(anonymous_17)","decl":{"start":{"line":109,"column":18},"end":{"line":109,"column":19}},"loc":{"start":{"line":109,"column":28},"end":{"line":118,"column":5}},"line":109}},"branchMap":{"0":{"loc":{"start":{"line":14,"column":2},"end":{"line":18,"column":3}},"type":"if","locations":[{"start":{"line":14,"column":2},"end":{"line":18,"column":3}},{"start":{},"end":{}}],"line":14},"1":{"loc":{"start":{"line":50,"column":2},"end":{"line":61,"column":3}},"type":"if","locations":[{"start":{"line":50,"column":2},"end":{"line":61,"column":3}},{"start":{"line":52,"column":9},"end":{"line":61,"column":3}}],"line":50},"2":{"loc":{"start":{"line":66,"column":2},"end":{"line":73,"column":3}},"type":"if","locations":[{"start":{"line":66,"column":2},"end":{"line":73,"column":3}},{"start":{"line":69,"column":9},"end":{"line":73,"column":3}}],"line":66},"3":{"loc":{"start":{"line":105,"column":2},"end":{"line":119,"column":3}},"type":"if","locations":[{"start":{"line":105,"column":2},"end":{"line":119,"column":3}},{"start":{"line":107,"column":9},"end":{"line":119,"column":3}}],"line":105},"4":{"loc":{"start":{"line":111,"column":6},"end":{"line":117,"column":7}},"type":"if","locations":[{"start":{"line":111,"column":6},"end":{"line":117,"column":7}},{"start":{},"end":{}}],"line":111},"5":{"loc":{"start":{"line":112,"column":8},"end":{"line":116,"column":9}},"type":"if","locations":[{"start":{"line":112,"column":8},"end":{"line":116,"column":9}},{"start":{"line":114,"column":15},"end":{"line":116,"column":9}}],"line":112}},"s":{"0":1,"1":1,"2":0,"3":0,"4":0,"5":0,"6":0,"7":0,"8":0,"9":0,"10":1,"11":1,"12":0,"13":0,"14":0,"15":0,"16":1,"17":1,"18":0,"19":0,"20":0,"21":0,"22":1,"23":0,"24":0,"25":0,"26":0,"27":0,"28":0,"29":1,"30":0,"31":0,"32":0,"33":0,"34":0,"35":0,"36":0,"37":1,"38":0,"39":0,"40":0,"41":0,"42":0,"43":1,"44":0,"45":0,"46":0,"47":0,"48":0,"49":1,"50":0,"51":0,"52":0,"53":0,"54":0,"55":0,"56":0,"57":0,"58":0,"59":0,"60":0},"f":{"0":0,"1":1,"2":0,"3":0,"4":1,"5":0,"6":0,"7":0,"8":0,"9":0,"10":0,"11":0,"12":0,"13":0,"14":0,"15":0,"16":0,"17":0},"b":{"0":[0,0],"1":[0,0],"2":[0,0],"3":[0,0],"4":[0,0],"5":[0,0]},"_coverageSchema":"1a1c01bbd47fc00a2c39e90264f33305004495a9","hash":"b43995378ddfb0c791bfbdd23e931f178957350d"}
}
